<?xml version="1.0" encoding="UTF-8"?>
<!-- Generated by org.testng.reporters.JUnitXMLReporter -->
<testsuite hostname="DESKTOP-Q6RS37F" ignored="0" name="Command line test" tests="3" failures="0" timestamp="03 Jun 2019 12:29:04 GMT" time="30.33" errors="0">
  <testcase name="verifyHomepageTitle" time="2.965" classname="tuto.eclipse.jal.selenium.ng.TestBookingNG"/>
  <testcase name="testBooking1" time="1.458" classname="tuto.eclipse.testCases.TestBookingJAL1"/>
  <testcase name="verifyWeFindFlights" time="14.836" classname="tuto.eclipse.jal.selenium.ng.TestBookingNG"/>
</testsuite> <!-- Command line test -->
