<?xml version="1.0" encoding="UTF-8"?>
<testng-results skipped="0" failed="0" ignored="0" total="3" passed="3">
  <reporter-output>
  </reporter-output>
  <suite name="Command line suite" duration-ms="30330" started-at="2019-06-03T12:28:34Z" finished-at="2019-06-03T12:29:04Z">
    <groups>
    </groups>
    <test name="Command line test" duration-ms="30330" started-at="2019-06-03T12:28:34Z" finished-at="2019-06-03T12:29:04Z">
      <class name="tuto.eclipse.jal.selenium.ng.TestBookingNG">
        <test-method status="PASS" signature="loadTheDriver()[pri:0, instance:tuto.eclipse.jal.selenium.ng.TestBookingNG@1613674b]" name="loadTheDriver" is-config="true" duration-ms="3703" started-at="2019-06-03T12:28:34Z" finished-at="2019-06-03T12:28:38Z">
          <reporter-output>
          </reporter-output>
        </test-method> <!-- loadTheDriver -->
        <test-method status="PASS" signature="verifyHomepageTitle()[pri:0, instance:tuto.eclipse.jal.selenium.ng.TestBookingNG@1613674b]" name="verifyHomepageTitle" duration-ms="2965" started-at="2019-06-03T12:28:38Z" finished-at="2019-06-03T12:28:41Z">
          <reporter-output>
          </reporter-output>
        </test-method> <!-- verifyHomepageTitle -->
        <test-method status="PASS" signature="verifyWeFindFlights()[pri:1, instance:tuto.eclipse.jal.selenium.ng.TestBookingNG@1613674b]" name="verifyWeFindFlights" duration-ms="14836" started-at="2019-06-03T12:28:42Z" finished-at="2019-06-03T12:28:57Z">
          <reporter-output>
          </reporter-output>
        </test-method> <!-- verifyWeFindFlights -->
        <test-method status="PASS" signature="closeTheDriver()[pri:0, instance:tuto.eclipse.jal.selenium.ng.TestBookingNG@1613674b]" name="closeTheDriver" is-config="true" duration-ms="7342" started-at="2019-06-03T12:28:57Z" finished-at="2019-06-03T12:29:04Z">
          <reporter-output>
          </reporter-output>
        </test-method> <!-- closeTheDriver -->
      </class> <!-- tuto.eclipse.jal.selenium.ng.TestBookingNG -->
      <class name="tuto.eclipse.testCases.TestBookingJAL1">
        <test-method status="PASS" signature="testBooking1()[pri:0, instance:tuto.eclipse.testCases.TestBookingJAL1@27ff5d15]" name="testBooking1" duration-ms="1458" started-at="2019-06-03T12:28:41Z" finished-at="2019-06-03T12:28:42Z">
          <reporter-output>
          </reporter-output>
        </test-method> <!-- testBooking1 -->
      </class> <!-- tuto.eclipse.testCases.TestBookingJAL1 -->
    </test> <!-- Command line test -->
  </suite> <!-- Command line suite -->
</testng-results>
